<?xml version="1.0" encoding="UTF-8"?>
<!-- Generated by org.testng.reporters.JUnitXMLReporter -->
<testsuite hostname="Abhishek" ignored="0" name="Surefire test" tests="9" failures="0" timestamp="2021-04-29T06:04:57 IST" time="150.971" errors="0">
  <testcase name="VerifyAddNewCustomerLabel" time="0.398" classname="com.crm.qa.testcases.CustomerPageTest"/>
  <testcase name="HomePageTitleTest" time="0.092" classname="com.crm.qa.testcases.HomePageTest"/>
  <testcase name="VerifyUserNameLabelTest" time="0.215" classname="com.crm.qa.testcases.HomePageTest"/>
  <testcase name="VerifyNewCustomerLink" time="3.203" classname="com.crm.qa.testcases.HomePageTest"/>
  <testcase name="loginPageTitleTest" time="0.027" classname="com.crm.qa.testcases.LoginPageTest"/>
  <testcase name="HomeLogoTest" time="0.178" classname="com.crm.qa.testcases.LoginPageTest"/>
  <testcase name="LoginTest" time="3.195" classname="com.crm.qa.testcases.LoginPageTest"/>
  <testcase name="ValidateCreateNewAccount" time="8.33" classname="com.crm.qa.testcases.NewAccountPageTest"/>
  <testcase name="ValidateCreateNewAccount" time="8.398" classname="com.crm.qa.testcases.NewAccountPageTest"/>
</testsuite> <!-- Surefire test -->
