<?xml version="1.0" encoding="UTF-8"?>
<!-- Generated by org.testng.reporters.JUnitXMLReporter -->
<testsuite ignored="0" hostname="Abhishek" failures="0" tests="6" name="Guru99DemoTestCases" time="94.441" errors="0" timestamp="2021-04-27T17:03:49 IST">
  <testcase classname="com.crm.qa.testcases.LoginPageTest" name="loginPageTitleTest" time="0.241"/>
  <testcase classname="com.crm.qa.testcases.LoginPageTest" name="HomeLogoTest" time="0.414"/>
  <testcase classname="com.crm.qa.testcases.LoginPageTest" name="LoginTest" time="3.778"/>
  <testcase classname="com.crm.qa.testcases.HomePageTest" name="HomePageTitleTest" time="0.055"/>
  <testcase classname="com.crm.qa.testcases.HomePageTest" name="VerifyUserNameLabelTest" time="0.309"/>
  <testcase classname="com.crm.qa.testcases.HomePageTest" name="VerifyNewCustomerLink" time="3.395"/>
</testsuite> <!-- Guru99DemoTestCases -->
