<?xml version="1.0" encoding="UTF-8"?>
<!-- Generated by org.testng.reporters.JUnitXMLReporter -->
<testsuite ignored="0" hostname="Abhishek" failures="0" tests="3" name="Default test" time="34.377" errors="0" timestamp="2021-04-29T06:09:27 IST">
  <testcase classname="com.crm.qa.testcases.LoginPageTest" name="loginPageTitleTest" time="0.081"/>
  <testcase classname="com.crm.qa.testcases.LoginPageTest" name="HomeLogoTest" time="0.338"/>
  <testcase classname="com.crm.qa.testcases.LoginPageTest" name="LoginTest" time="2.991"/>
</testsuite> <!-- Default test -->
