<?xml version="1.0" encoding="UTF-8"?>
<testng-results skipped="0" failed="0" ignored="0" total="9" passed="9">
  <reporter-output>
  </reporter-output>
  <suite name="Surefire suite" duration-ms="150971" started-at="2021-04-29T06:02:26 IST" finished-at="2021-04-29T06:04:57 IST">
    <groups>
    </groups>
    <test name="Surefire test" duration-ms="150971" started-at="2021-04-29T06:02:26 IST" finished-at="2021-04-29T06:04:57 IST">
      <class name="com.crm.qa.testcases.NewAccountPageTest">
        <test-method status="PASS" signature="setup()[pri:0, instance:com.crm.qa.testcases.NewAccountPageTest@b7dd107]" name="setup" is-config="true" duration-ms="10981" started-at="2021-04-29T06:04:15 IST" finished-at="2021-04-29T06:04:26 IST">
          <reporter-output>
          </reporter-output>
        </test-method> <!-- setup -->
        <test-method status="PASS" signature="ValidateCreateNewAccount(java.lang.String,java.lang.String,java.lang.String)[pri:0, instance:com.crm.qa.testcases.NewAccountPageTest@b7dd107]" name="ValidateCreateNewAccount" duration-ms="8330" started-at="2021-04-29T06:04:26 IST" data-provider="NewAccountData" finished-at="2021-04-29T06:04:34 IST">
          <params>
            <param index="0">
              <value>
                <![CDATA[26282]]>
              </value>
            </param>
            <param index="1">
              <value>
                <![CDATA[Savings]]>
              </value>
            </param>
            <param index="2">
              <value>
                <![CDATA[5000]]>
              </value>
            </param>
          </params>
          <reporter-output>
          </reporter-output>
        </test-method> <!-- ValidateCreateNewAccount -->
        <test-method status="PASS" signature="TearDown()[pri:0, instance:com.crm.qa.testcases.NewAccountPageTest@b7dd107]" name="TearDown" is-config="true" duration-ms="1591" started-at="2021-04-29T06:04:34 IST" finished-at="2021-04-29T06:04:36 IST">
          <reporter-output>
          </reporter-output>
        </test-method> <!-- TearDown -->
        <test-method status="PASS" signature="setup()[pri:0, instance:com.crm.qa.testcases.NewAccountPageTest@b7dd107]" name="setup" is-config="true" duration-ms="10757" started-at="2021-04-29T06:04:36 IST" finished-at="2021-04-29T06:04:47 IST">
          <reporter-output>
          </reporter-output>
        </test-method> <!-- setup -->
        <test-method status="PASS" signature="ValidateCreateNewAccount(java.lang.String,java.lang.String,java.lang.String)[pri:0, instance:com.crm.qa.testcases.NewAccountPageTest@b7dd107]" name="ValidateCreateNewAccount" duration-ms="8398" started-at="2021-04-29T06:04:47 IST" data-provider="NewAccountData" finished-at="2021-04-29T06:04:55 IST">
          <params>
            <param index="0">
              <value>
                <![CDATA[24230]]>
              </value>
            </param>
            <param index="1">
              <value>
                <![CDATA[Savings]]>
              </value>
            </param>
            <param index="2">
              <value>
                <![CDATA[10000]]>
              </value>
            </param>
          </params>
          <reporter-output>
          </reporter-output>
        </test-method> <!-- ValidateCreateNewAccount -->
        <test-method status="PASS" signature="TearDown()[pri:0, instance:com.crm.qa.testcases.NewAccountPageTest@b7dd107]" name="TearDown" is-config="true" duration-ms="1864" started-at="2021-04-29T06:04:55 IST" finished-at="2021-04-29T06:04:57 IST">
          <reporter-output>
          </reporter-output>
        </test-method> <!-- TearDown -->
      </class> <!-- com.crm.qa.testcases.NewAccountPageTest -->
      <class name="com.crm.qa.testcases.HomePageTest">
        <test-method status="PASS" signature="setup()[pri:0, instance:com.crm.qa.testcases.HomePageTest@4671e53b]" name="setup" is-config="true" duration-ms="11506" started-at="2021-04-29T06:02:56 IST" finished-at="2021-04-29T06:03:08 IST">
          <reporter-output>
          </reporter-output>
        </test-method> <!-- setup -->
        <test-method status="PASS" signature="HomePageTitleTest()[pri:1, instance:com.crm.qa.testcases.HomePageTest@4671e53b]" name="HomePageTitleTest" duration-ms="92" started-at="2021-04-29T06:03:08 IST" finished-at="2021-04-29T06:03:08 IST">
          <reporter-output>
          </reporter-output>
        </test-method> <!-- HomePageTitleTest -->
        <test-method status="PASS" signature="TearDown()[pri:0, instance:com.crm.qa.testcases.HomePageTest@4671e53b]" name="TearDown" is-config="true" duration-ms="1854" started-at="2021-04-29T06:03:08 IST" finished-at="2021-04-29T06:03:10 IST">
          <reporter-output>
          </reporter-output>
        </test-method> <!-- TearDown -->
        <test-method status="PASS" signature="setup()[pri:0, instance:com.crm.qa.testcases.HomePageTest@4671e53b]" name="setup" is-config="true" duration-ms="11037" started-at="2021-04-29T06:03:10 IST" finished-at="2021-04-29T06:03:21 IST">
          <reporter-output>
          </reporter-output>
        </test-method> <!-- setup -->
        <test-method status="PASS" signature="VerifyUserNameLabelTest()[pri:2, instance:com.crm.qa.testcases.HomePageTest@4671e53b]" name="VerifyUserNameLabelTest" duration-ms="215" started-at="2021-04-29T06:03:21 IST" finished-at="2021-04-29T06:03:21 IST">
          <reporter-output>
          </reporter-output>
        </test-method> <!-- VerifyUserNameLabelTest -->
        <test-method status="PASS" signature="TearDown()[pri:0, instance:com.crm.qa.testcases.HomePageTest@4671e53b]" name="TearDown" is-config="true" duration-ms="1700" started-at="2021-04-29T06:03:21 IST" finished-at="2021-04-29T06:03:23 IST">
          <reporter-output>
          </reporter-output>
        </test-method> <!-- TearDown -->
        <test-method status="PASS" signature="setup()[pri:0, instance:com.crm.qa.testcases.HomePageTest@4671e53b]" name="setup" is-config="true" duration-ms="11412" started-at="2021-04-29T06:03:23 IST" finished-at="2021-04-29T06:03:34 IST">
          <reporter-output>
          </reporter-output>
        </test-method> <!-- setup -->
        <test-method status="PASS" signature="VerifyNewCustomerLink()[pri:3, instance:com.crm.qa.testcases.HomePageTest@4671e53b]" name="VerifyNewCustomerLink" duration-ms="3203" started-at="2021-04-29T06:03:34 IST" finished-at="2021-04-29T06:03:37 IST">
          <reporter-output>
          </reporter-output>
        </test-method> <!-- VerifyNewCustomerLink -->
        <test-method status="PASS" signature="TearDown()[pri:0, instance:com.crm.qa.testcases.HomePageTest@4671e53b]" name="TearDown" is-config="true" duration-ms="1740" started-at="2021-04-29T06:03:37 IST" finished-at="2021-04-29T06:03:39 IST">
          <reporter-output>
          </reporter-output>
        </test-method> <!-- TearDown -->
      </class> <!-- com.crm.qa.testcases.HomePageTest -->
      <class name="com.crm.qa.testcases.LoginPageTest">
        <test-method status="PASS" signature="setup()[pri:0, instance:com.crm.qa.testcases.LoginPageTest@2db7a79b]" name="setup" is-config="true" duration-ms="7168" started-at="2021-04-29T06:03:39 IST" finished-at="2021-04-29T06:03:46 IST">
          <reporter-output>
          </reporter-output>
        </test-method> <!-- setup -->
        <test-method status="PASS" signature="loginPageTitleTest()[pri:1, instance:com.crm.qa.testcases.LoginPageTest@2db7a79b]" name="loginPageTitleTest" duration-ms="27" started-at="2021-04-29T06:03:46 IST" finished-at="2021-04-29T06:03:46 IST">
          <reporter-output>
          </reporter-output>
        </test-method> <!-- loginPageTitleTest -->
        <test-method status="PASS" signature="TearDown()[pri:0, instance:com.crm.qa.testcases.LoginPageTest@2db7a79b]" name="TearDown" is-config="true" duration-ms="1353" started-at="2021-04-29T06:03:46 IST" finished-at="2021-04-29T06:03:48 IST">
          <reporter-output>
          </reporter-output>
        </test-method> <!-- TearDown -->
        <test-method status="PASS" signature="setup()[pri:0, instance:com.crm.qa.testcases.LoginPageTest@2db7a79b]" name="setup" is-config="true" duration-ms="7550" started-at="2021-04-29T06:03:48 IST" finished-at="2021-04-29T06:03:55 IST">
          <reporter-output>
          </reporter-output>
        </test-method> <!-- setup -->
        <test-method status="PASS" signature="HomeLogoTest()[pri:2, instance:com.crm.qa.testcases.LoginPageTest@2db7a79b]" name="HomeLogoTest" duration-ms="178" started-at="2021-04-29T06:03:55 IST" finished-at="2021-04-29T06:03:56 IST">
          <reporter-output>
          </reporter-output>
        </test-method> <!-- HomeLogoTest -->
        <test-method status="PASS" signature="TearDown()[pri:0, instance:com.crm.qa.testcases.LoginPageTest@2db7a79b]" name="TearDown" is-config="true" duration-ms="1607" started-at="2021-04-29T06:03:56 IST" finished-at="2021-04-29T06:03:57 IST">
          <reporter-output>
          </reporter-output>
        </test-method> <!-- TearDown -->
        <test-method status="PASS" signature="setup()[pri:0, instance:com.crm.qa.testcases.LoginPageTest@2db7a79b]" name="setup" is-config="true" duration-ms="7558" started-at="2021-04-29T06:03:57 IST" finished-at="2021-04-29T06:04:05 IST">
          <reporter-output>
          </reporter-output>
        </test-method> <!-- setup -->
        <test-method status="PASS" signature="LoginTest()[pri:3, instance:com.crm.qa.testcases.LoginPageTest@2db7a79b]" name="LoginTest" duration-ms="3195" started-at="2021-04-29T06:04:05 IST" finished-at="2021-04-29T06:04:08 IST">
          <reporter-output>
          </reporter-output>
        </test-method> <!-- LoginTest -->
        <test-method status="PASS" signature="TearDown()[pri:0, instance:com.crm.qa.testcases.LoginPageTest@2db7a79b]" name="TearDown" is-config="true" duration-ms="1818" started-at="2021-04-29T06:04:08 IST" finished-at="2021-04-29T06:04:10 IST">
          <reporter-output>
          </reporter-output>
        </test-method> <!-- TearDown -->
      </class> <!-- com.crm.qa.testcases.LoginPageTest -->
      <class name="com.crm.qa.testcases.CustomerPageTest">
        <test-method status="PASS" signature="setup()[pri:0, instance:com.crm.qa.testcases.CustomerPageTest@cb51256]" name="setup" is-config="true" duration-ms="27623" started-at="2021-04-29T06:02:26 IST" finished-at="2021-04-29T06:02:54 IST">
          <reporter-output>
          </reporter-output>
        </test-method> <!-- setup -->
        <test-method status="PASS" signature="VerifyAddNewCustomerLabel()[pri:1, instance:com.crm.qa.testcases.CustomerPageTest@cb51256]" name="VerifyAddNewCustomerLabel" duration-ms="398" started-at="2021-04-29T06:02:54 IST" finished-at="2021-04-29T06:02:54 IST">
          <reporter-output>
          </reporter-output>
        </test-method> <!-- VerifyAddNewCustomerLabel -->
        <test-method status="PASS" signature="TearDown()[pri:0, instance:com.crm.qa.testcases.CustomerPageTest@cb51256]" name="TearDown" is-config="true" duration-ms="2046" started-at="2021-04-29T06:02:54 IST" finished-at="2021-04-29T06:02:56 IST">
          <reporter-output>
          </reporter-output>
        </test-method> <!-- TearDown -->
      </class> <!-- com.crm.qa.testcases.CustomerPageTest -->
    </test> <!-- Surefire test -->
  </suite> <!-- Surefire suite -->
</testng-results>
