<?xml version="1.0" encoding="UTF-8"?>
<testng-results ignored="0" total="3" passed="3" failed="0" skipped="0">
  <reporter-output>
  </reporter-output>
  <suite started-at="2021-04-29T06:08:53 IST" name="Default suite" finished-at="2021-04-29T06:09:27 IST" duration-ms="34377">
    <groups>
    </groups>
    <test started-at="2021-04-29T06:08:53 IST" name="Default test" finished-at="2021-04-29T06:09:27 IST" duration-ms="34377">
      <class name="com.crm.qa.testcases.LoginPageTest">
        <test-method is-config="true" signature="setup()[pri:0, instance:com.crm.qa.testcases.LoginPageTest@4b8ee4de]" started-at="2021-04-29T06:08:53 IST" name="setup" finished-at="2021-04-29T06:09:06 IST" duration-ms="12946" status="PASS">
          <reporter-output>
          </reporter-output>
        </test-method> <!-- setup -->
        <test-method signature="loginPageTitleTest()[pri:1, instance:com.crm.qa.testcases.LoginPageTest@4b8ee4de]" started-at="2021-04-29T06:09:06 IST" name="loginPageTitleTest" finished-at="2021-04-29T06:09:06 IST" duration-ms="81" status="PASS">
          <reporter-output>
          </reporter-output>
        </test-method> <!-- loginPageTitleTest -->
        <test-method is-config="true" signature="TearDown()[pri:0, instance:com.crm.qa.testcases.LoginPageTest@4b8ee4de]" started-at="2021-04-29T06:09:06 IST" name="TearDown" finished-at="2021-04-29T06:09:08 IST" duration-ms="1460" status="PASS">
          <reporter-output>
          </reporter-output>
        </test-method> <!-- TearDown -->
        <test-method is-config="true" signature="setup()[pri:0, instance:com.crm.qa.testcases.LoginPageTest@4b8ee4de]" started-at="2021-04-29T06:09:08 IST" name="setup" finished-at="2021-04-29T06:09:14 IST" duration-ms="6800" status="PASS">
          <reporter-output>
          </reporter-output>
        </test-method> <!-- setup -->
        <test-method signature="HomeLogoTest()[pri:2, instance:com.crm.qa.testcases.LoginPageTest@4b8ee4de]" started-at="2021-04-29T06:09:14 IST" name="HomeLogoTest" finished-at="2021-04-29T06:09:15 IST" duration-ms="338" status="PASS">
          <reporter-output>
          </reporter-output>
        </test-method> <!-- HomeLogoTest -->
        <test-method is-config="true" signature="TearDown()[pri:0, instance:com.crm.qa.testcases.LoginPageTest@4b8ee4de]" started-at="2021-04-29T06:09:15 IST" name="TearDown" finished-at="2021-04-29T06:09:16 IST" duration-ms="1295" status="PASS">
          <reporter-output>
          </reporter-output>
        </test-method> <!-- TearDown -->
        <test-method is-config="true" signature="setup()[pri:0, instance:com.crm.qa.testcases.LoginPageTest@4b8ee4de]" started-at="2021-04-29T06:09:16 IST" name="setup" finished-at="2021-04-29T06:09:23 IST" duration-ms="6572" status="PASS">
          <reporter-output>
          </reporter-output>
        </test-method> <!-- setup -->
        <test-method signature="LoginTest()[pri:3, instance:com.crm.qa.testcases.LoginPageTest@4b8ee4de]" started-at="2021-04-29T06:09:23 IST" name="LoginTest" finished-at="2021-04-29T06:09:26 IST" duration-ms="2991" status="PASS">
          <reporter-output>
          </reporter-output>
        </test-method> <!-- LoginTest -->
        <test-method is-config="true" signature="TearDown()[pri:0, instance:com.crm.qa.testcases.LoginPageTest@4b8ee4de]" started-at="2021-04-29T06:09:26 IST" name="TearDown" finished-at="2021-04-29T06:09:27 IST" duration-ms="1632" status="PASS">
          <reporter-output>
          </reporter-output>
        </test-method> <!-- TearDown -->
      </class> <!-- com.crm.qa.testcases.LoginPageTest -->
    </test> <!-- Default test -->
  </suite> <!-- Default suite -->
</testng-results>
